  0 File(s) copied
  0 File(s) copied
  MessageReader.cpp
src\MessageReader.cpp(68): warning C4018: '<': signed/unsigned mismatch
src\MessageReader.cpp(77): warning C4018: '<': signed/unsigned mismatch
src\MessageReader.cpp(86): warning C4018: '<': signed/unsigned mismatch
src\MessageReader.cpp(95): warning C4018: '<': signed/unsigned mismatch
src\MessageReader.cpp(104): warning C4018: '<': signed/unsigned mismatch
src\MessageReader.cpp(113): warning C4018: '<': signed/unsigned mismatch
src\MessageReader.cpp(122): warning C4018: '<': signed/unsigned mismatch
src\MessageReader.cpp(130): warning C4018: '<': signed/unsigned mismatch
src\MessageReader.cpp(137): warning C4018: '<': signed/unsigned mismatch
LINK : warning LNK4075: ignoring '/INCREMENTAL' due to '/LTCG' specification
     Creating library Release\SceneViewer.lib and object Release\SceneViewer.exp
  Generating code
  3 of 383 functions ( 0.8%) were compiled, the rest were copied from previous compilation.
    0 functions were new in current compilation
    1 functions had inline decision re-evaluated but remain unchanged
  Finished generating code
  SceneViewer.vcxproj -> C:\Albin_Repos\Project_HotBox\GamePlay\SceneViewer\Release\SceneViewer.exe
